app/build/outputs/logs/manifest-merger-debug-report.txt
-- Merging decision tree log ---
manifest
ADDED from AndroidManifest.xml:2:1
	xmlns:android
		ADDED from AndroidManifest.xml:2:11
	package
		ADDED from AndroidManifest.xml:3:11
		INJECTED from AndroidManifest.xml:0:0
		INJECTED from AndroidManifest.xml:0:0
	android:versionName
		ADDED from AndroidManifest.xml:5:9
	android:versionCode
		ADDED from AndroidManifest.xml:4:11
		INJECTED from AndroidManifest.xml:0:0
		INJECTED from AndroidManifest.xml:0:0
uses-feature#android.hardware.usb.host
ADDED from AndroidManifest.xml:6:5
	android:name
		ADDED from AndroidManifest.xml:6:19
uses-sdk
ADDED from AndroidManifest.xml:7:5
	android:targetSdkVersion
		ADDED from AndroidManifest.xml:7:69
		INJECTED from AndroidManifest.xml:0:0
		INJECTED from AndroidManifest.xml:0:0
	android:minSdkVersion
		ADDED from AndroidManifest.xml:7:15
		INJECTED from AndroidManifest.xml:0:0
		INJECTED from AndroidManifest.xml:0:0
	android:maxSdkVersion
		ADDED from AndroidManifest.xml:7:42
uses-permission#android.permission.INTERNET
ADDED from AndroidManifest.xml:8:5
	android:name
		ADDED from AndroidManifest.xml:8:22
uses-permission#android.permission.VIBRATE
ADDED from AndroidManifest.xml:9:5
	android:name
		ADDED from AndroidManifest.xml:9:22
uses-permission#android.permission.ACCESS_WIFI_STATE
ADDED from AndroidManifest.xml:10:5
	android:name
		ADDED from AndroidManifest.xml:10:22
uses-permission#android.permission.UPDATE_DEVICE_STATS
ADDED from AndroidManifest.xml:11:5
	android:name
		ADDED from AndroidManifest.xml:11:22
uses-permission#android.permission.CHANGE_WIFI_STATE
ADDED from AndroidManifest.xml:12:5
	android:name
		ADDED from AndroidManifest.xml:12:22
uses-permission#android.permission.WAKE_LOCK
ADDED from AndroidManifest.xml:13:5
	android:name
		ADDED from AndroidManifest.xml:13:22
uses-permission#android.permission.ACCESS_NETWORK_STATE
ADDED from AndroidManifest.xml:14:5
	android:name
		ADDED from AndroidManifest.xml:14:22
uses-permission#android.permission.WRITE_EXTERNAL_STORAGE
ADDED from AndroidManifest.xml:15:5
	android:name
		ADDED from AndroidManifest.xml:15:22
application
ADDED from AndroidManifest.xml:16:5
	android:label
		ADDED from AndroidManifest.xml:16:84
	android:allowBackup
		ADDED from AndroidManifest.xml:16:19
	android:icon
		ADDED from AndroidManifest.xml:16:47
activity#com.nightscout.android.dexcom.DexcomG4Activity
ADDED from AndroidManifest.xml:18:10
	android:screenOrientation
		ADDED from AndroidManifest.xml:23:17
	android:label
		ADDED from AndroidManifest.xml:21:17
	android:icon
		ADDED from AndroidManifest.xml:20:17
	android:name
		ADDED from AndroidManifest.xml:19:17
	android:launchMode
		ADDED from AndroidManifest.xml:22:17
intent-filter#android.intent.action.MAIN+android.intent.category.DEFAULT+android.intent.category.LAUNCHER
ADDED from AndroidManifest.xml:25:13
	android:icon
		ADDED from AndroidManifest.xml:25:29
action#android.intent.action.MAIN
ADDED from AndroidManifest.xml:26:17
	android:name
		ADDED from AndroidManifest.xml:26:25
category#android.intent.category.DEFAULT
ADDED from AndroidManifest.xml:27:17
	android:name
		ADDED from AndroidManifest.xml:27:27
category#android.intent.category.LAUNCHER
ADDED from AndroidManifest.xml:28:17
	android:name
		ADDED from AndroidManifest.xml:28:27
intent-filter#android.hardware.usb.action.USB_DEVICE_ATTACHED
ADDED from AndroidManifest.xml:30:13
	android:icon
		ADDED from AndroidManifest.xml:30:29
action#android.hardware.usb.action.USB_DEVICE_ATTACHED
ADDED from AndroidManifest.xml:31:17
	android:name
		ADDED from AndroidManifest.xml:31:25
meta-data#android.hardware.usb.action.USB_DEVICE_ATTACHED
ADDED from AndroidManifest.xml:34:13
	android:resource
		ADDED from AndroidManifest.xml:36:21
	android:name
		ADDED from AndroidManifest.xml:35:21
activity#com.nightscout.android.settings.SettingsActivity
ADDED from AndroidManifest.xml:38:9
	android:label
		ADDED from AndroidManifest.xml:40:19
	android:icon
		ADDED from AndroidManifest.xml:39:19
	android:name
		ADDED from AndroidManifest.xml:38:19
service#com.nightscout.android.dexcom.DexcomG4Service
ADDED from AndroidManifest.xml:42:9
	android:icon
		ADDED from AndroidManifest.xml:42:18
	android:name
		ADDED from AndroidManifest.xml:42:55
service#com.nightscout.android.medtronic.MedtronicCGMService
ADDED from AndroidManifest.xml:44:9
	android:label
		ADDED from AndroidManifest.xml:45:17
	android:icon
		ADDED from AndroidManifest.xml:44:19
	android:name
		ADDED from AndroidManifest.xml:45:44
service#com.nightscout.android.widget.CGMWidgetUpdater
ADDED from AndroidManifest.xml:47:9
	android:label
		ADDED from AndroidManifest.xml:48:17
	android:icon
		ADDED from AndroidManifest.xml:47:19
	android:name
		ADDED from AndroidManifest.xml:48:44
receiver#com.nightscout.android.widget.CGMWidget
ADDED from AndroidManifest.xml:50:3
	android:name
		ADDED from AndroidManifest.xml:50:13
intent-filter#android.appwidget.action.APPWIDGET_UPDATE
ADDED from AndroidManifest.xml:51:7
action#android.appwidget.action.APPWIDGET_UPDATE
ADDED from AndroidManifest.xml:52:11
	android:name
		ADDED from AndroidManifest.xml:52:19
meta-data#android.appwidget.provider
ADDED from AndroidManifest.xml:54:7
	android:resource
		ADDED from AndroidManifest.xml:55:18
	android:name
		ADDED from AndroidManifest.xml:54:18